<?xml version="1.0" encoding="UTF-8"?>
<!-- Generated by org.testng.reporters.JUnitReportReporter -->
<testsuite hostname="HitzLap" failures="0" tests="19" name="com.hospital.HospitalServiceTest" time="0.037" errors="0" timestamp="2026-03-12T12:44:30 IST" skipped="0">
  <testcase classname="com.hospital.HospitalServiceTest" name="testGetPatientPrescriptions" time="0.002"/>
  <testcase classname="com.hospital.HospitalServiceTest" name="testDoctorNamesAreCorrect" time="0.002"/>
  <testcase classname="com.hospital.HospitalServiceTest" name="testAddMultiplePatients" time="0.007"/>
  <testcase classname="com.hospital.HospitalServiceTest" name="testDefaultDoctorsLoaded" time="0.000"/>
  <testcase classname="com.hospital.HospitalServiceTest" name="testAddPatient" time="0.000"/>
  <testcase classname="com.hospital.HospitalServiceTest" name="testGetDoctorAppointments" time="0.001"/>
  <testcase classname="com.hospital.HospitalServiceTest" name="testGetDoctorPrescriptions" time="0.001"/>
  <testcase classname="com.hospital.HospitalServiceTest" name="testDuplicatePatientNotAdded" time="0.002"/>
  <testcase classname="com.hospital.HospitalServiceTest" name="testIssuePrescription" time="0.013"/>
  <testcase classname="com.hospital.HospitalServiceTest" name="testPrescriptionsNotSharedBetweenDoctors" time="0.001"/>
  <testcase classname="com.hospital.HospitalServiceTest" name="testGetPatientAppointments" time="0.002"/>
  <testcase classname="com.hospital.HospitalServiceTest" name="testPrescriptionMarksAppointmentDone" time="0.000"/>
  <testcase classname="com.hospital.HospitalServiceTest" name="testBookAppointment" time="0.000"/>
  <testcase classname="com.hospital.HospitalServiceTest" name="testDoctorWithNoPrescriptionsReturnsEmpty" time="0.002"/>
  <testcase classname="com.hospital.HospitalServiceTest" name="testUnknownPatientReturnsEmptyAppointments" time="0.000"/>
  <testcase classname="com.hospital.HospitalServiceTest" name="testAppointmentStatusIsActive" time="0.000"/>
  <testcase classname="com.hospital.HospitalServiceTest" name="testDoctorCannotSeeOtherDoctorAppointments" time="0.002"/>
  <testcase classname="com.hospital.HospitalServiceTest" name="testPatientIdIncrementsCorrectly" time="0.001"/>
  <testcase classname="com.hospital.HospitalServiceTest" name="testPatientIdAutoAssigned" time="0.001"/>
</testsuite> <!-- com.hospital.HospitalServiceTest -->
